[debug] [2020-03-31T16:19:23.102Z] ----------------------------------------------------------------------
[debug] [2020-03-31T16:19:23.104Z] Command:       /usr/local/bin/node /usr/local/bin/firebase deploy
[debug] [2020-03-31T16:19:23.104Z] CLI Version:   7.16.1
[debug] [2020-03-31T16:19:23.104Z] Platform:      darwin
[debug] [2020-03-31T16:19:23.104Z] Node Version:  v12.14.1
[debug] [2020-03-31T16:19:23.108Z] Time:          Wed Apr 01 2020 00:19:23 GMT+0800 (Singapore Standard Time)
[debug] [2020-03-31T16:19:23.108Z] ----------------------------------------------------------------------
[debug] [2020-03-31T16:19:23.108Z] 
[debug] [2020-03-31T16:19:23.127Z] > command requires scopes: ["email","openid","https://www.googleapis.com/auth/cloudplatformprojects.readonly","https://www.googleapis.com/auth/firebase","https://www.googleapis.com/auth/cloud-platform"]
[debug] [2020-03-31T16:19:23.127Z] > authorizing via signed-in user
[debug] [2020-03-31T16:19:23.127Z] [iam] checking project beam-scooter-locator for permissions ["firebase.projects.get","firebasehosting.sites.update"]
[debug] [2020-03-31T16:19:23.130Z] > refreshing access token with scopes: ["email","https://www.googleapis.com/auth/cloud-platform","https://www.googleapis.com/auth/cloudplatformprojects.readonly","https://www.googleapis.com/auth/firebase","openid"]
[debug] [2020-03-31T16:19:23.130Z] >>> HTTP REQUEST POST https://www.googleapis.com/oauth2/v3/token  
 <request body omitted>
[debug] [2020-03-31T16:19:23.277Z] <<< HTTP RESPONSE 200
[debug] [2020-03-31T16:19:23.295Z] >>> HTTP REQUEST POST https://cloudresourcemanager.googleapis.com/v1/projects/beam-scooter-locator:testIamPermissions  

[debug] [2020-03-31T16:19:24.555Z] <<< HTTP RESPONSE 200
[debug] [2020-03-31T16:19:24.557Z] >>> HTTP REQUEST GET https://firebase.googleapis.com/v1beta1/projects/beam-scooter-locator  
 
[debug] [2020-03-31T16:19:24.939Z] <<< HTTP RESPONSE 200
[info] 
[info] === Deploying to 'beam-scooter-locator'...
[info] 
[info] i  deploying hosting
[debug] [2020-03-31T16:19:24.946Z] >>> HTTP REQUEST POST https://firebasehosting.googleapis.com/v1beta1/sites/beam-scooter-locator/versions  

[debug] [2020-03-31T16:19:26.782Z] <<< HTTP RESPONSE 200
[info] i  hosting[beam-scooter-locator]: beginning deploy...
[info] i  hosting[beam-scooter-locator]: found 20 files in build
[debug] [2020-03-31T16:19:26.801Z] [hosting] hash cache [YnVpbGQ] stored for 20 files
[debug] [2020-03-31T16:19:26.801Z] [hosting][hash queue][FINAL]
[debug] [2020-03-31T16:19:26.801Z] >>> HTTP REQUEST POST https://firebasehosting.googleapis.com/v1beta1/sites/beam-scooter-locator/versions/8ee2bff831560a26:populateFiles  
 <request body omitted>
